[09-Oct-2021 13:58:18 America/Boise] PHP Warning:  require(/home4/weexpand/public_html/sa.expand/expand_repov1/public/../vendor/autoload.php): failed to open stream: No such file or directory in /home4/weexpand/public_html/sa.expand/expand_repov1/public/index.php on line 24
[09-Oct-2021 13:58:18 America/Boise] PHP Warning:  require(/home4/weexpand/public_html/sa.expand/expand_repov1/public/../vendor/autoload.php): failed to open stream: No such file or directory in /home4/weexpand/public_html/sa.expand/expand_repov1/public/index.php on line 24
[09-Oct-2021 13:58:18 America/Boise] PHP Fatal error:  require(): Failed opening required '/home4/weexpand/public_html/sa.expand/expand_repov1/public/../vendor/autoload.php' (include_path='.:/opt/cpanel/ea-php73/root/usr/share/pear') in /home4/weexpand/public_html/sa.expand/expand_repov1/public/index.php on line 24
[09-Oct-2021 13:58:29 America/Boise] PHP Warning:  require(/home4/weexpand/public_html/sa.expand/expand_repov1/public/../vendor/autoload.php): failed to open stream: No such file or directory in /home4/weexpand/public_html/sa.expand/expand_repov1/public/index.php on line 24
[09-Oct-2021 13:58:29 America/Boise] PHP Warning:  require(/home4/weexpand/public_html/sa.expand/expand_repov1/public/../vendor/autoload.php): failed to open stream: No such file or directory in /home4/weexpand/public_html/sa.expand/expand_repov1/public/index.php on line 24
[09-Oct-2021 13:58:29 America/Boise] PHP Fatal error:  require(): Failed opening required '/home4/weexpand/public_html/sa.expand/expand_repov1/public/../vendor/autoload.php' (include_path='.:/opt/cpanel/ea-php73/root/usr/share/pear') in /home4/weexpand/public_html/sa.expand/expand_repov1/public/index.php on line 24
[09-Oct-2021 13:58:36 America/Boise] PHP Warning:  require(/home4/weexpand/public_html/sa.expand/expand_repov1/public/../vendor/autoload.php): failed to open stream: No such file or directory in /home4/weexpand/public_html/sa.expand/expand_repov1/public/index.php on line 24
[09-Oct-2021 13:58:36 America/Boise] PHP Warning:  require(/home4/weexpand/public_html/sa.expand/expand_repov1/public/../vendor/autoload.php): failed to open stream: No such file or directory in /home4/weexpand/public_html/sa.expand/expand_repov1/public/index.php on line 24
[09-Oct-2021 13:58:36 America/Boise] PHP Fatal error:  require(): Failed opening required '/home4/weexpand/public_html/sa.expand/expand_repov1/public/../vendor/autoload.php' (include_path='.:/opt/cpanel/ea-php73/root/usr/share/pear') in /home4/weexpand/public_html/sa.expand/expand_repov1/public/index.php on line 24
[09-Oct-2021 13:58:39 America/Boise] PHP Warning:  require(/home4/weexpand/public_html/sa.expand/expand_repov1/public/../vendor/autoload.php): failed to open stream: No such file or directory in /home4/weexpand/public_html/sa.expand/expand_repov1/public/index.php on line 24
[09-Oct-2021 13:58:39 America/Boise] PHP Warning:  require(/home4/weexpand/public_html/sa.expand/expand_repov1/public/../vendor/autoload.php): failed to open stream: No such file or directory in /home4/weexpand/public_html/sa.expand/expand_repov1/public/index.php on line 24
[09-Oct-2021 13:58:39 America/Boise] PHP Fatal error:  require(): Failed opening required '/home4/weexpand/public_html/sa.expand/expand_repov1/public/../vendor/autoload.php' (include_path='.:/opt/cpanel/ea-php73/root/usr/share/pear') in /home4/weexpand/public_html/sa.expand/expand_repov1/public/index.php on line 24
[09-Oct-2021 13:58:41 America/Boise] PHP Warning:  require(/home4/weexpand/public_html/sa.expand/expand_repov1/public/../vendor/autoload.php): failed to open stream: No such file or directory in /home4/weexpand/public_html/sa.expand/expand_repov1/public/index.php on line 24
[09-Oct-2021 13:58:41 America/Boise] PHP Warning:  require(/home4/weexpand/public_html/sa.expand/expand_repov1/public/../vendor/autoload.php): failed to open stream: No such file or directory in /home4/weexpand/public_html/sa.expand/expand_repov1/public/index.php on line 24
[09-Oct-2021 13:58:41 America/Boise] PHP Fatal error:  require(): Failed opening required '/home4/weexpand/public_html/sa.expand/expand_repov1/public/../vendor/autoload.php' (include_path='.:/opt/cpanel/ea-php73/root/usr/share/pear') in /home4/weexpand/public_html/sa.expand/expand_repov1/public/index.php on line 24
[09-Oct-2021 13:58:42 America/Boise] PHP Warning:  require(/home4/weexpand/public_html/sa.expand/expand_repov1/public/../vendor/autoload.php): failed to open stream: No such file or directory in /home4/weexpand/public_html/sa.expand/expand_repov1/public/index.php on line 24
[09-Oct-2021 13:58:42 America/Boise] PHP Warning:  require(/home4/weexpand/public_html/sa.expand/expand_repov1/public/../vendor/autoload.php): failed to open stream: No such file or directory in /home4/weexpand/public_html/sa.expand/expand_repov1/public/index.php on line 24
[09-Oct-2021 13:58:42 America/Boise] PHP Fatal error:  require(): Failed opening required '/home4/weexpand/public_html/sa.expand/expand_repov1/public/../vendor/autoload.php' (include_path='.:/opt/cpanel/ea-php73/root/usr/share/pear') in /home4/weexpand/public_html/sa.expand/expand_repov1/public/index.php on line 24
[09-Oct-2021 13:58:44 America/Boise] PHP Warning:  require(/home4/weexpand/public_html/sa.expand/expand_repov1/public/../vendor/autoload.php): failed to open stream: No such file or directory in /home4/weexpand/public_html/sa.expand/expand_repov1/public/index.php on line 24
[09-Oct-2021 13:58:44 America/Boise] PHP Warning:  require(/home4/weexpand/public_html/sa.expand/expand_repov1/public/../vendor/autoload.php): failed to open stream: No such file or directory in /home4/weexpand/public_html/sa.expand/expand_repov1/public/index.php on line 24
[09-Oct-2021 13:58:44 America/Boise] PHP Fatal error:  require(): Failed opening required '/home4/weexpand/public_html/sa.expand/expand_repov1/public/../vendor/autoload.php' (include_path='.:/opt/cpanel/ea-php73/root/usr/share/pear') in /home4/weexpand/public_html/sa.expand/expand_repov1/public/index.php on line 24
[09-Oct-2021 13:58:50 America/Boise] PHP Warning:  require(/home4/weexpand/public_html/sa.expand/expand_repov1/public/../vendor/autoload.php): failed to open stream: No such file or directory in /home4/weexpand/public_html/sa.expand/expand_repov1/public/index.php on line 24
[09-Oct-2021 13:58:50 America/Boise] PHP Warning:  require(/home4/weexpand/public_html/sa.expand/expand_repov1/public/../vendor/autoload.php): failed to open stream: No such file or directory in /home4/weexpand/public_html/sa.expand/expand_repov1/public/index.php on line 24
[09-Oct-2021 13:58:50 America/Boise] PHP Fatal error:  require(): Failed opening required '/home4/weexpand/public_html/sa.expand/expand_repov1/public/../vendor/autoload.php' (include_path='.:/opt/cpanel/ea-php73/root/usr/share/pear') in /home4/weexpand/public_html/sa.expand/expand_repov1/public/index.php on line 24
[09-Oct-2021 13:58:54 America/Boise] PHP Warning:  require(/home4/weexpand/public_html/sa.expand/expand_repov1/public/../vendor/autoload.php): failed to open stream: No such file or directory in /home4/weexpand/public_html/sa.expand/expand_repov1/public/index.php on line 24
[09-Oct-2021 13:58:54 America/Boise] PHP Warning:  require(/home4/weexpand/public_html/sa.expand/expand_repov1/public/../vendor/autoload.php): failed to open stream: No such file or directory in /home4/weexpand/public_html/sa.expand/expand_repov1/public/index.php on line 24
[09-Oct-2021 13:58:54 America/Boise] PHP Fatal error:  require(): Failed opening required '/home4/weexpand/public_html/sa.expand/expand_repov1/public/../vendor/autoload.php' (include_path='.:/opt/cpanel/ea-php73/root/usr/share/pear') in /home4/weexpand/public_html/sa.expand/expand_repov1/public/index.php on line 24
[17-Oct-2021 16:57:15 UTC] PHP Fatal error:  Cannot use empty list in /home4/weexpand/public_html/sa.expand/expand_repov1/app/Http/Controllers/Dashboard/ArchieveController.php on line 1312
[21-Oct-2021 16:24:18 UTC] PHP Fatal error:  Cannot use App\Models\Menu as Menu because the name is already in use in /home4/weexpand/public_html/h.expand/expand_repov1/app/Http/Controllers/Dashboard/EmployeeController.php on line 19
[21-Oct-2021 18:19:18 UTC] PHP Fatal error:  Cannot use Illuminate\Http\Request as Request because the name is already in use in /home4/weexpand/public_html/h.expand/expand_repov1/app/Http/Controllers/Dashboard/SettingsController.php on line 13
[27-Oct-2021 16:39:36 UTC] PHP Fatal error:  Namespace declaration statement has to be the very first statement or after any declare call in the script in /home4/weexpand/public_html/sa.expand/expand_repov1/app/Http/Controllers/Dashboard/TicketReceiveController.php on line 4
[30-Oct-2021 15:24:40 UTC] PHP Fatal error:  Namespace declaration statement has to be the very first statement or after any declare call in the script in /home4/weexpand/public_html/laravel/sa.expand/expand_repov1/app/Http/Controllers/Dashboard/TicketReceiveController.php on line 4
[30-Oct-2021 16:10:42 UTC] PHP Fatal error:  Namespace declaration statement has to be the very first statement or after any declare call in the script in /home4/weexpand/public_html/laravel/sa.expand/expand_repov1/app/Http/Controllers/Dashboard/TicketReceiveController.php on line 4
[15-Nov-2021 16:56:35 UTC] PHP Fatal error:  Allowed memory size of 268435456 bytes exhausted (tried to allocate 195051520 bytes) in /home4/weexpand/public_html/laravel/t.expand/expand_repov1/storage/framework/views/1e2de0fb6616a1f376f34c5ff079e04064204b57.php on line 60
[15-Nov-2021 16:56:35 UTC] PHP Fatal error:  Allowed memory size of 268435456 bytes exhausted (tried to allocate 195571712 bytes) in /home4/weexpand/public_html/laravel/t.expand/expand_repov1/vendor/symfony/http-foundation/Response.php on line 381
[15-Nov-2021 16:56:35 UTC] PHP Fatal error:  Allowed memory size of 268435456 bytes exhausted (tried to allocate 195043328 bytes) in Unknown on line 0
[15-Nov-2021 16:56:38 UTC] PHP Fatal error:  Allowed memory size of 268435456 bytes exhausted (tried to allocate 199241728 bytes) in /home4/weexpand/public_html/laravel/t.expand/expand_repov1/storage/framework/views/1e2de0fb6616a1f376f34c5ff079e04064204b57.php on line 60
[15-Nov-2021 16:56:38 UTC] PHP Fatal error:  Allowed memory size of 268435456 bytes exhausted (tried to allocate 199761920 bytes) in /home4/weexpand/public_html/laravel/t.expand/expand_repov1/vendor/symfony/http-foundation/Response.php on line 381
[15-Nov-2021 16:56:38 UTC] PHP Fatal error:  Allowed memory size of 268435456 bytes exhausted (tried to allocate 199233536 bytes) in Unknown on line 0
[20-Nov-2021 15:35:29 UTC] PHP Fatal error:  Namespace declaration statement has to be the very first statement or after any declare call in the script in /home4/weexpand/public_html/laravel/t.expand/expand_repov1/app/Http/Controllers/Dashboard/certController.php on line 3
[29-Nov-2021 08:58:33 America/Boise] PHP Warning:  Invalid argument supplied for foreach() in /home4/weexpand/public_html/laravel/t.expand/expand_repov1/config/global.php on line 3
[29-Nov-2021 08:58:35 America/Boise] PHP Warning:  Invalid argument supplied for foreach() in /home4/weexpand/public_html/laravel/t.expand/expand_repov1/config/global.php on line 3
[29-Nov-2021 08:58:36 America/Boise] PHP Warning:  Invalid argument supplied for foreach() in /home4/weexpand/public_html/laravel/t.expand/expand_repov1/config/global.php on line 3
[29-Nov-2021 08:58:36 America/Boise] PHP Warning:  Invalid argument supplied for foreach() in /home4/weexpand/public_html/laravel/t.expand/expand_repov1/config/global.php on line 3
[29-Nov-2021 08:58:36 America/Boise] PHP Warning:  Invalid argument supplied for foreach() in /home4/weexpand/public_html/laravel/t.expand/expand_repov1/config/global.php on line 3
[29-Nov-2021 08:58:39 America/Boise] PHP Warning:  Invalid argument supplied for foreach() in /home4/weexpand/public_html/laravel/t.expand/expand_repov1/config/global.php on line 3
[29-Nov-2021 08:58:45 America/Boise] PHP Warning:  Invalid argument supplied for foreach() in /home4/weexpand/public_html/laravel/t.expand/expand_repov1/config/global.php on line 3
[29-Nov-2021 08:58:45 America/Boise] PHP Warning:  Invalid argument supplied for foreach() in /home4/weexpand/public_html/laravel/t.expand/expand_repov1/config/global.php on line 3
[29-Nov-2021 08:58:46 America/Boise] PHP Warning:  Invalid argument supplied for foreach() in /home4/weexpand/public_html/laravel/t.expand/expand_repov1/config/global.php on line 3
[29-Nov-2021 08:58:52 America/Boise] PHP Warning:  Invalid argument supplied for foreach() in /home4/weexpand/public_html/laravel/t.expand/expand_repov1/config/global.php on line 3
[29-Nov-2021 08:59:23 America/Boise] PHP Warning:  Invalid argument supplied for foreach() in /home4/weexpand/public_html/laravel/t.expand/expand_repov1/config/global.php on line 3
[29-Nov-2021 08:59:39 America/Boise] PHP Warning:  Invalid argument supplied for foreach() in /home4/weexpand/public_html/laravel/t.expand/expand_repov1/config/global.php on line 3
[29-Nov-2021 09:00:45 America/Boise] PHP Warning:  Invalid argument supplied for foreach() in /home4/weexpand/public_html/laravel/t.expand/expand_repov1/config/global.php on line 4
[29-Nov-2021 09:02:41 America/Boise] PHP Warning:  The use statement with non-compound name 'DB' has no effect in /home4/weexpand/public_html/laravel/t.expand/expand_repov1/config/global.php on line 2
[04-Dec-2021 11:43:26 America/Boise] PHP Fatal error:  Constant expression contains invalid operations in /home4/weexpand/public_html/laravel/t.expand/expand_repov1/app/Http/Requests/AdminLoginRequest.php on line 41
[12-Dec-2021 08:42:29 America/Boise] PHP Fatal error:  Cannot use App\Models\Constant as Constant because the name is already in use in /home4/weexpand/public_html/laravel/t.expand/expand_repov1/app/Http/Controllers/Dashboard/AppOp.php on line 37
[15-Dec-2021 09:39:09 America/Boise] PHP Fatal error:  Cannot redeclare App\Http\Controllers\Dashboard\ReportController::masterQuery() in /home4/weexpand/public_html/laravel/t.expand/expand_repov1/app/Http/Controllers/Dashboard/ReportController.php on line 85
[15-Dec-2021 09:39:48 America/Boise] PHP Fatal error:  Cannot redeclare App\Http\Controllers\Dashboard\ReportController::masterQuery() in /home4/weexpand/public_html/laravel/t.expand/expand_repov1/app/Http/Controllers/Dashboard/ReportController.php on line 85
[20-Dec-2021 04:53:25 America/Boise] PHP Fatal error:  Cannot declare class App\Http\Requests\TicketRequest7, because the name is already in use in /home4/weexpand/public_html/laravel/t.expand/expand_repov1/app/Http/Requests/TicketRequest8.php on line 35
[21-Dec-2021 10:39:27 America/Boise] PHP Fatal error:  Cannot declare class App\Http\Requests\TicketRequest9, because the name is already in use in /home4/weexpand/public_html/laravel/t.expand/expand_repov1/app/Http/Requests/TicketRequest13.php on line 38
[22-Dec-2021 05:05:40 America/Boise] PHP Fatal error:  Cannot redeclare App\Http\Controllers\Dashboard\AppOp::saveTicket27() in /home4/weexpand/public_html/laravel/t.expand/expand_repov1/app/Http/Controllers/Dashboard/AppOp.php on line 3159
[22-Dec-2021 05:06:48 America/Boise] PHP Fatal error:  Cannot redeclare App\Http\Controllers\Dashboard\AppOp::saveTicket27() in /home4/weexpand/public_html/laravel/t.expand/expand_repov1/app/Http/Controllers/Dashboard/AppOp.php on line 3159
[26-Dec-2021 19:52:56 Asia/Jerusalem] PHP Fatal error:  Cannot declare class App\Http\Requests\TicketRequest11, because the name is already in use in /home4/weexpand/public_html/laravel/t.expand/expand_repov1/app/Http/Requests/AgedRequest.php on line 33
[28-Dec-2021 13:05:58 Asia/Jerusalem] PHP Fatal error:  Cannot use App\Models\AppTicket26 as AppTicket26 because the name is already in use in /home4/weexpand/public_html/laravel/t.expand/expand_repov1/app/Http/Controllers/Dashboard/PrintTicket.php on line 37
[30-Dec-2021 13:06:27 Asia/Jerusalem] PHP Fatal error:  Cannot redeclare App\Http\Controllers\Dashboard\TasksTableController::getCollectingTickets() in /home4/weexpand/public_html/laravel/t.expand/expand_repov1/app/Http/Controllers/Dashboard/TasksTableController.php on line 1250
[30-Dec-2021 13:06:41 Asia/Jerusalem] PHP Fatal error:  Cannot redeclare App\Http\Controllers\Dashboard\TasksTableController::getCollectingTickets() in /home4/weexpand/public_html/laravel/t.expand/expand_repov1/app/Http/Controllers/Dashboard/TasksTableController.php on line 1250
[30-Dec-2021 18:16:33 Asia/Jerusalem] PHP Fatal error:  Cannot redeclare App\Http\Controllers\Dashboard\TasksTableController::getPurchaseTickets() in /home4/weexpand/public_html/laravel/t.expand/expand_repov1/app/Http/Controllers/Dashboard/TasksTableController.php on line 1390
[30-Dec-2021 18:52:02 Asia/Jerusalem] PHP Fatal error:  Cannot redeclare App\Http\Controllers\Dashboard\TasksTableController::getOutspreadTickets() in /home4/weexpand/public_html/laravel/t.expand/expand_repov1/app/Http/Controllers/Dashboard/TasksTableController.php on line 1460
[30-Dec-2021 18:52:30 Asia/Jerusalem] PHP Fatal error:  Cannot redeclare App\Http\Controllers\Dashboard\TasksTableController::getOutspreadTickets() in /home4/weexpand/public_html/laravel/t.expand/expand_repov1/app/Http/Controllers/Dashboard/TasksTableController.php on line 1460
[30-Dec-2021 18:52:32 Asia/Jerusalem] PHP Fatal error:  Cannot redeclare App\Http\Controllers\Dashboard\TasksTableController::getOutspreadTickets() in /home4/weexpand/public_html/laravel/t.expand/expand_repov1/app/Http/Controllers/Dashboard/TasksTableController.php on line 1460
[30-Dec-2021 18:52:49 Asia/Jerusalem] PHP Fatal error:  Cannot redeclare App\Http\Controllers\Dashboard\TasksTableController::getOutspreadTickets() in /home4/weexpand/public_html/laravel/t.expand/expand_repov1/app/Http/Controllers/Dashboard/TasksTableController.php on line 1460
[30-Dec-2021 18:53:20 Asia/Jerusalem] PHP Fatal error:  Cannot redeclare App\Http\Controllers\Dashboard\TasksTableController::getOutspreadTickets() in /home4/weexpand/public_html/laravel/t.expand/expand_repov1/app/Http/Controllers/Dashboard/TasksTableController.php on line 1460
[05-Jan-2022 19:58:01 Asia/Jerusalem] PHP Fatal error:  Cannot redeclare App\Http\Controllers\Dashboard\AppOp::updateCMobile() in /home4/weexpand/public_html/laravel/t.expand/expand_repov1/app/Http/Controllers/Dashboard/AppOp.php on line 211
[05-Jan-2022 20:02:04 Asia/Jerusalem] PHP Fatal error:  Cannot redeclare App\Http\Controllers\Dashboard\AppOp::updateCMobile() in /home4/weexpand/public_html/laravel/t.expand/expand_repov1/app/Http/Controllers/Dashboard/AppOp.php on line 211
[05-Jan-2022 20:03:30 Asia/Jerusalem] PHP Fatal error:  Cannot redeclare App\Http\Controllers\Dashboard\AppOp::updateCMobile() in /home4/weexpand/public_html/laravel/t.expand/expand_repov1/app/Http/Controllers/Dashboard/AppOp.php on line 211
[05-Jan-2022 20:05:50 Asia/Jerusalem] PHP Fatal error:  Cannot redeclare App\Http\Controllers\Dashboard\AppOp::updateCMobile() in /home4/weexpand/public_html/laravel/t.expand/expand_repov1/app/Http/Controllers/Dashboard/AppOp.php on line 211
[06-Jan-2022 09:50:45 Asia/Jerusalem] PHP Fatal error:  Cannot declare class App\Http\Requests\elecRequest, because the name is already in use in /home4/weexpand/public_html/laravel/t.expand/expand_repov1/app/Http/Requests/waterRequest.php on line 32
[09-Jan-2022 17:36:34 Asia/Jerusalem] PHP Fatal error:  Cannot redeclare App\Http\Controllers\Dashboard\AppOp::sendSMS() in /home4/weexpand/public_html/laravel/t.expand/expand_repov1/app/Http/Controllers/Dashboard/AppOp.php on line 215
[09-Jan-2022 17:37:37 Asia/Jerusalem] PHP Fatal error:  Cannot redeclare App\Http\Controllers\Dashboard\AppOp::sendSMS() in /home4/weexpand/public_html/laravel/t.expand/expand_repov1/app/Http/Controllers/Dashboard/AppOp.php on line 215
[11-Jan-2022 16:07:35 Asia/Jerusalem] PHP Fatal error:  Cannot redeclare App\Http\Controllers\Dashboard\ReportController::vacationReport() in /home4/weexpand/public_html/laravel/t.expand/expand_repov1/app/Http/Controllers/Dashboard/ReportController.php on line 126
[11-Jan-2022 16:07:51 Asia/Jerusalem] PHP Fatal error:  Cannot redeclare App\Http\Controllers\Dashboard\ReportController::vacationReport() in /home4/weexpand/public_html/laravel/t.expand/expand_repov1/app/Http/Controllers/Dashboard/ReportController.php on line 126
[11-Jan-2022 17:49:35 Asia/Jerusalem] PHP Fatal error:  Cannot redeclare App\Http\Controllers\Dashboard\ReportController::vacationReport() in /home4/weexpand/public_html/laravel/t.expand/expand_repov1/app/Http/Controllers/Dashboard/ReportController.php on line 126
[11-Jan-2022 20:29:17 Asia/Jerusalem] PHP Fatal error:  Cannot redeclare App\Http\Controllers\Dashboard\ReportController::vacationReport() in /home4/weexpand/public_html/laravel/t.expand/expand_repov1/app/Http/Controllers/Dashboard/ReportController.php on line 126
[05-Feb-2022 14:11:34 Asia/Jerusalem] PHP Fatal error:  Cannot use App\Models\water as water because the name is already in use in /home4/weexpand/public_html/laravel/t.expand/expand_repov1/app/Http/Controllers/Dashboard/ReportController.php on line 24
[05-Feb-2022 14:11:49 Asia/Jerusalem] PHP Fatal error:  Cannot use App\Models\water as water because the name is already in use in /home4/weexpand/public_html/laravel/t.expand/expand_repov1/app/Http/Controllers/Dashboard/ReportController.php on line 24
[06-Feb-2022 14:57:46 Asia/Jerusalem] PHP Fatal error:  Allowed memory size of 268435456 bytes exhausted (tried to allocate 33554440 bytes) in /home4/weexpand/public_html/laravel/t.expand/expand_repov1/app/Http/Controllers/Dashboard/ReportController.php on line 130
[06-Feb-2022 14:58:53 Asia/Jerusalem] PHP Fatal error:  Allowed memory size of 268435456 bytes exhausted (tried to allocate 33554440 bytes) in /home4/weexpand/public_html/laravel/t.expand/expand_repov1/app/Http/Controllers/Dashboard/ReportController.php on line 130
[14-Feb-2022 19:43:30 Asia/Jerusalem] PHP Fatal error:  Maximum execution time of 30 seconds exceeded in /home4/weexpand/public_html/laravel/t.expand/expand_repov1/vendor/symfony/http-foundation/InputBag.php on line 50
[20-Feb-2022 12:20:47 Asia/Jerusalem] PHP Fatal error:  Cannot use [] for reading in /home4/weexpand/public_html/laravel/t.expand/expand_repov1/app/Http/Controllers/Dashboard/DailyReport.php on line 27
[23-Feb-2022 11:03:33 Asia/Jerusalem] PHP Fatal error:  Cannot redeclare App\Http\Controllers\Dashboard\TasksTableController::getInnerQuittanceTickets() in /home4/weexpand/public_html/laravel/t.expand/expand_repov1/app/Http/Controllers/Dashboard/TasksTableController.php on line 1598
[23-Feb-2022 11:03:41 Asia/Jerusalem] PHP Fatal error:  Cannot redeclare App\Http\Controllers\Dashboard\TasksTableController::getInnerQuittanceTickets() in /home4/weexpand/public_html/laravel/t.expand/expand_repov1/app/Http/Controllers/Dashboard/TasksTableController.php on line 1598
[24-Feb-2022 11:14:59 Asia/Jerusalem] PHP Fatal error:  Trait 'App\Models\Notifiable' not found in /home4/weexpand/public_html/laravel/t.expand/expand_repov1/app/Models/Citizen.php on line 8
[24-Feb-2022 11:15:12 Asia/Jerusalem] PHP Fatal error:  Trait 'App\Models\Notifiable' not found in /home4/weexpand/public_html/laravel/t.expand/expand_repov1/app/Models/Citizen.php on line 8
[26-Feb-2022 01:53:25 America/Boise] PHP Warning:  include(/home4/weexpand/public_html/laravel/t.expand/expand_repov1/vendor/composer/../../app/Http/Kernel.php): failed to open stream: No such file or directory in /home4/weexpand/public_html/laravel/t.expand/expand_repov1/vendor/composer/ClassLoader.php on line 444
[26-Feb-2022 01:53:25 America/Boise] PHP Warning:  include(/home4/weexpand/public_html/laravel/t.expand/expand_repov1/vendor/composer/../../app/Http/Kernel.php): failed to open stream: No such file or directory in /home4/weexpand/public_html/laravel/t.expand/expand_repov1/vendor/composer/ClassLoader.php on line 444
[26-Feb-2022 01:53:25 America/Boise] PHP Warning:  include(): Failed opening '/home4/weexpand/public_html/laravel/t.expand/expand_repov1/vendor/composer/../../app/Http/Kernel.php' for inclusion (include_path='.:/opt/cpanel/ea-php73/root/usr/share/pear') in /home4/weexpand/public_html/laravel/t.expand/expand_repov1/vendor/composer/ClassLoader.php on line 444
[26-Feb-2022 01:53:25 America/Boise] PHP Fatal error:  Uncaught ReflectionException: Class App\Http\Kernel does not exist in /home4/weexpand/public_html/laravel/t.expand/expand_repov1/vendor/laravel/framework/src/Illuminate/Container/Container.php:809
Stack trace:
#0 /home4/weexpand/public_html/laravel/t.expand/expand_repov1/vendor/laravel/framework/src/Illuminate/Container/Container.php(809): ReflectionClass->__construct('App\\Http\\Kernel')
#1 /home4/weexpand/public_html/laravel/t.expand/expand_repov1/vendor/laravel/framework/src/Illuminate/Container/Container.php(691): Illuminate\Container\Container->build('App\\Http\\Kernel')
#2 /home4/weexpand/public_html/laravel/t.expand/expand_repov1/vendor/laravel/framework/src/Illuminate/Foundation/Application.php(796): Illuminate\Container\Container->resolve('App\\Http\\Kernel', Array, false)
#3 /home4/weexpand/public_html/laravel/t.expand/expand_repov1/vendor/laravel/framework/src/Illuminate/Container/Container.php(269): Illuminate\Foundation\Application->resolve('App\\Http\\Kernel', Array, false)
#4 /home4/weexpand/pu in /home4/weexpand/public_html/laravel/t.expand/expand_repov1/vendor/laravel/framework/src/Illuminate/Container/Container.php on line 811
[26-Feb-2022 01:53:25 America/Boise] PHP Warning:  include(/home4/weexpand/public_html/laravel/t.expand/expand_repov1/vendor/composer/../../app/Http/Kernel.php): failed to open stream: No such file or directory in /home4/weexpand/public_html/laravel/t.expand/expand_repov1/vendor/composer/ClassLoader.php on line 444
[26-Feb-2022 01:53:25 America/Boise] PHP Warning:  include(/home4/weexpand/public_html/laravel/t.expand/expand_repov1/vendor/composer/../../app/Http/Kernel.php): failed to open stream: No such file or directory in /home4/weexpand/public_html/laravel/t.expand/expand_repov1/vendor/composer/ClassLoader.php on line 444
[26-Feb-2022 01:53:25 America/Boise] PHP Warning:  include(): Failed opening '/home4/weexpand/public_html/laravel/t.expand/expand_repov1/vendor/composer/../../app/Http/Kernel.php' for inclusion (include_path='.:/opt/cpanel/ea-php73/root/usr/share/pear') in /home4/weexpand/public_html/laravel/t.expand/expand_repov1/vendor/composer/ClassLoader.php on line 444
[26-Feb-2022 01:53:25 America/Boise] PHP Fatal error:  Uncaught ReflectionException: Class App\Http\Kernel does not exist in /home4/weexpand/public_html/laravel/t.expand/expand_repov1/vendor/laravel/framework/src/Illuminate/Container/Container.php:809
Stack trace:
#0 /home4/weexpand/public_html/laravel/t.expand/expand_repov1/vendor/laravel/framework/src/Illuminate/Container/Container.php(809): ReflectionClass->__construct('App\\Http\\Kernel')
#1 /home4/weexpand/public_html/laravel/t.expand/expand_repov1/vendor/laravel/framework/src/Illuminate/Container/Container.php(691): Illuminate\Container\Container->build('App\\Http\\Kernel')
#2 /home4/weexpand/public_html/laravel/t.expand/expand_repov1/vendor/laravel/framework/src/Illuminate/Foundation/Application.php(796): Illuminate\Container\Container->resolve('App\\Http\\Kernel', Array, false)
#3 /home4/weexpand/public_html/laravel/t.expand/expand_repov1/vendor/laravel/framework/src/Illuminate/Container/Container.php(269): Illuminate\Foundation\Application->resolve('App\\Http\\Kernel', Array, false)
#4 /home4/weexpand/pu in /home4/weexpand/public_html/laravel/t.expand/expand_repov1/vendor/laravel/framework/src/Illuminate/Container/Container.php on line 811
[26-Feb-2022 01:53:31 America/Boise] PHP Warning:  include(/home4/weexpand/public_html/laravel/t.expand/expand_repov1/vendor/composer/../../app/Http/Kernel.php): failed to open stream: No such file or directory in /home4/weexpand/public_html/laravel/t.expand/expand_repov1/vendor/composer/ClassLoader.php on line 444
[26-Feb-2022 01:53:31 America/Boise] PHP Warning:  include(/home4/weexpand/public_html/laravel/t.expand/expand_repov1/vendor/composer/../../app/Http/Kernel.php): failed to open stream: No such file or directory in /home4/weexpand/public_html/laravel/t.expand/expand_repov1/vendor/composer/ClassLoader.php on line 444
[26-Feb-2022 01:53:31 America/Boise] PHP Warning:  include(): Failed opening '/home4/weexpand/public_html/laravel/t.expand/expand_repov1/vendor/composer/../../app/Http/Kernel.php' for inclusion (include_path='.:/opt/cpanel/ea-php73/root/usr/share/pear') in /home4/weexpand/public_html/laravel/t.expand/expand_repov1/vendor/composer/ClassLoader.php on line 444
[26-Feb-2022 01:53:31 America/Boise] PHP Fatal error:  Uncaught ReflectionException: Class App\Http\Kernel does not exist in /home4/weexpand/public_html/laravel/t.expand/expand_repov1/vendor/laravel/framework/src/Illuminate/Container/Container.php:809
Stack trace:
#0 /home4/weexpand/public_html/laravel/t.expand/expand_repov1/vendor/laravel/framework/src/Illuminate/Container/Container.php(809): ReflectionClass->__construct('App\\Http\\Kernel')
#1 /home4/weexpand/public_html/laravel/t.expand/expand_repov1/vendor/laravel/framework/src/Illuminate/Container/Container.php(691): Illuminate\Container\Container->build('App\\Http\\Kernel')
#2 /home4/weexpand/public_html/laravel/t.expand/expand_repov1/vendor/laravel/framework/src/Illuminate/Foundation/Application.php(796): Illuminate\Container\Container->resolve('App\\Http\\Kernel', Array, false)
#3 /home4/weexpand/public_html/laravel/t.expand/expand_repov1/vendor/laravel/framework/src/Illuminate/Container/Container.php(269): Illuminate\Foundation\Application->resolve('App\\Http\\Kernel', Array, false)
#4 /home4/weexpand/pu in /home4/weexpand/public_html/laravel/t.expand/expand_repov1/vendor/laravel/framework/src/Illuminate/Container/Container.php on line 811
[26-Feb-2022 01:53:34 America/Boise] PHP Warning:  include(/home4/weexpand/public_html/laravel/t.expand/expand_repov1/vendor/composer/../../app/Http/Kernel.php): failed to open stream: No such file or directory in /home4/weexpand/public_html/laravel/t.expand/expand_repov1/vendor/composer/ClassLoader.php on line 444
[26-Feb-2022 01:53:34 America/Boise] PHP Warning:  include(/home4/weexpand/public_html/laravel/t.expand/expand_repov1/vendor/composer/../../app/Http/Kernel.php): failed to open stream: No such file or directory in /home4/weexpand/public_html/laravel/t.expand/expand_repov1/vendor/composer/ClassLoader.php on line 444
[26-Feb-2022 01:53:34 America/Boise] PHP Warning:  include(): Failed opening '/home4/weexpand/public_html/laravel/t.expand/expand_repov1/vendor/composer/../../app/Http/Kernel.php' for inclusion (include_path='.:/opt/cpanel/ea-php73/root/usr/share/pear') in /home4/weexpand/public_html/laravel/t.expand/expand_repov1/vendor/composer/ClassLoader.php on line 444
[26-Feb-2022 01:53:34 America/Boise] PHP Fatal error:  Uncaught ReflectionException: Class App\Http\Kernel does not exist in /home4/weexpand/public_html/laravel/t.expand/expand_repov1/vendor/laravel/framework/src/Illuminate/Container/Container.php:809
Stack trace:
#0 /home4/weexpand/public_html/laravel/t.expand/expand_repov1/vendor/laravel/framework/src/Illuminate/Container/Container.php(809): ReflectionClass->__construct('App\\Http\\Kernel')
#1 /home4/weexpand/public_html/laravel/t.expand/expand_repov1/vendor/laravel/framework/src/Illuminate/Container/Container.php(691): Illuminate\Container\Container->build('App\\Http\\Kernel')
#2 /home4/weexpand/public_html/laravel/t.expand/expand_repov1/vendor/laravel/framework/src/Illuminate/Foundation/Application.php(796): Illuminate\Container\Container->resolve('App\\Http\\Kernel', Array, false)
#3 /home4/weexpand/public_html/laravel/t.expand/expand_repov1/vendor/laravel/framework/src/Illuminate/Container/Container.php(269): Illuminate\Foundation\Application->resolve('App\\Http\\Kernel', Array, false)
#4 /home4/weexpand/pu in /home4/weexpand/public_html/laravel/t.expand/expand_repov1/vendor/laravel/framework/src/Illuminate/Container/Container.php on line 811
[26-Feb-2022 01:53:51 America/Boise] PHP Warning:  include(/home4/weexpand/public_html/laravel/t.expand/expand_repov1/vendor/composer/../../app/Http/Kernel.php): failed to open stream: No such file or directory in /home4/weexpand/public_html/laravel/t.expand/expand_repov1/vendor/composer/ClassLoader.php on line 444
[26-Feb-2022 01:53:51 America/Boise] PHP Warning:  include(/home4/weexpand/public_html/laravel/t.expand/expand_repov1/vendor/composer/../../app/Http/Kernel.php): failed to open stream: No such file or directory in /home4/weexpand/public_html/laravel/t.expand/expand_repov1/vendor/composer/ClassLoader.php on line 444
[26-Feb-2022 01:53:51 America/Boise] PHP Warning:  include(): Failed opening '/home4/weexpand/public_html/laravel/t.expand/expand_repov1/vendor/composer/../../app/Http/Kernel.php' for inclusion (include_path='.:/opt/cpanel/ea-php73/root/usr/share/pear') in /home4/weexpand/public_html/laravel/t.expand/expand_repov1/vendor/composer/ClassLoader.php on line 444
[26-Feb-2022 01:53:51 America/Boise] PHP Fatal error:  Uncaught ReflectionException: Class App\Http\Kernel does not exist in /home4/weexpand/public_html/laravel/t.expand/expand_repov1/vendor/laravel/framework/src/Illuminate/Container/Container.php:809
Stack trace:
#0 /home4/weexpand/public_html/laravel/t.expand/expand_repov1/vendor/laravel/framework/src/Illuminate/Container/Container.php(809): ReflectionClass->__construct('App\\Http\\Kernel')
#1 /home4/weexpand/public_html/laravel/t.expand/expand_repov1/vendor/laravel/framework/src/Illuminate/Container/Container.php(691): Illuminate\Container\Container->build('App\\Http\\Kernel')
#2 /home4/weexpand/public_html/laravel/t.expand/expand_repov1/vendor/laravel/framework/src/Illuminate/Foundation/Application.php(796): Illuminate\Container\Container->resolve('App\\Http\\Kernel', Array, false)
#3 /home4/weexpand/public_html/laravel/t.expand/expand_repov1/vendor/laravel/framework/src/Illuminate/Container/Container.php(269): Illuminate\Foundation\Application->resolve('App\\Http\\Kernel', Array, false)
#4 /home4/weexpand/pu in /home4/weexpand/public_html/laravel/t.expand/expand_repov1/vendor/laravel/framework/src/Illuminate/Container/Container.php on line 811
[06-Mar-2022 12:41:19 Asia/Jerusalem] PHP Fatal error:  Cannot redeclare App\Http\Controllers\Dashboard\AppOp::sendSMS() in /home4/weexpand/public_html/laravel/t.expand/expand_repov1/app/Http/Controllers/Dashboard/AppOp.php on line 233
[06-Mar-2022 12:42:24 Asia/Jerusalem] PHP Fatal error:  Cannot redeclare App\Http\Controllers\Dashboard\AppOp::sendSMS() in /home4/weexpand/public_html/laravel/t.expand/expand_repov1/app/Http/Controllers/Dashboard/AppOp.php on line 233
